=== Poetry Migration Doc Repo Setup ===
Timestamp: 2025-10-30T20:31:38+11:00

✓ Working directory: /home/jon/Work

Step 1: Creating /home/jon/Work/poetry_migration...
✓ Directory created

Step 2: Initializing git repository...
Initialized empty Git repository in /home/jon/Work/poetry_migration/.git/
✓ Git initialized

Step 3: Creating .gitignore...
✓ .gitignore created

Step 4: Moving documentation files...
renamed 'migratingPoetryReposToUV.md' -> '/home/jon/Work/poetry_migration/migratingPoetryReposToUV.md'
renamed 'migratingPoetryReposToUV-reflactions-and-suggestions.md' -> '/home/jon/Work/poetry_migration/migratingPoetryReposToUV-reflactions-and-suggestions.md'
renamed 'poetry_migration_runbook.md' -> '/home/jon/Work/poetry_migration/poetry_migration_runbook.md'
renamed 'poetry_to_uv_migration_guide.md' -> '/home/jon/Work/poetry_migration/poetry_to_uv_migration_guide.md'
renamed 'poetry_to_uv_manifest.yaml' -> '/home/jon/Work/poetry_migration/poetry_to_uv_manifest.yaml'
renamed 'poetry_projects.txt' -> '/home/jon/Work/poetry_migration/poetry_projects.txt'
renamed 'poetry_projects_2025-10-30.txt' -> '/home/jon/Work/poetry_migration/poetry_projects_2025-10-30.txt'
renamed 'uv_lock_projects.txt' -> '/home/jon/Work/poetry_migration/uv_lock_projects.txt'
renamed 'poetry_to_uv_migration.txt' -> '/home/jon/Work/poetry_migration/poetry_to_uv_migration.txt'
Moving temp migration scripts and logs...
renamed '.temp.migrate_poetry_to_uv.apitesting.sh' -> '/home/jon/Work/poetry_migration/.temp.migrate_poetry_to_uv.apitesting.sh'
renamed '.temp.migrate_poetry_to_uv.clean_code_after.1.sh' -> '/home/jon/Work/poetry_migration/.temp.migrate_poetry_to_uv.clean_code_after.1.sh'
renamed '.temp.migrate_poetry_to_uv.clean_code_after.2.sh' -> '/home/jon/Work/poetry_migration/.temp.migrate_poetry_to_uv.clean_code_after.2.sh'
renamed '.temp.migrate_poetry_to_uv.clean_code_after.3.sh' -> '/home/jon/Work/poetry_migration/.temp.migrate_poetry_to_uv.clean_code_after.3.sh'
renamed '.temp.migrate_poetry_to_uv.clean_code_after.4.sh' -> '/home/jon/Work/poetry_migration/.temp.migrate_poetry_to_uv.clean_code_after.4.sh'
renamed '.temp.migrate_poetry_to_uv.clean_code_after.sh' -> '/home/jon/Work/poetry_migration/.temp.migrate_poetry_to_uv.clean_code_after.sh'
renamed '.temp.migrate_poetry_to_uv.clean_code_before.sh' -> '/home/jon/Work/poetry_migration/.temp.migrate_poetry_to_uv.clean_code_before.sh'
renamed '.temp.migrate_poetry_to_uv.doc.sh' -> '/home/jon/Work/poetry_migration/.temp.migrate_poetry_to_uv.doc.sh'
renamed '.temp.migrate_poetry_to_uv.func.1.sh' -> '/home/jon/Work/poetry_migration/.temp.migrate_poetry_to_uv.func.1.sh'
renamed '.temp.migrate_poetry_to_uv.func.2.sh' -> '/home/jon/Work/poetry_migration/.temp.migrate_poetry_to_uv.func.2.sh'
renamed '.temp.migrate_poetry_to_uv.func_design.1.sh' -> '/home/jon/Work/poetry_migration/.temp.migrate_poetry_to_uv.func_design.1.sh'
renamed '.temp.migrate_poetry_to_uv.func_design.2.sh' -> '/home/jon/Work/poetry_migration/.temp.migrate_poetry_to_uv.func_design.2.sh'
renamed '.temp.migrate_poetry_to_uv.func_design.sh' -> '/home/jon/Work/poetry_migration/.temp.migrate_poetry_to_uv.func_design.sh'
renamed '.temp.migrate_poetry_to_uv.funclass23.sh' -> '/home/jon/Work/poetry_migration/.temp.migrate_poetry_to_uv.funclass23.sh'
renamed '.temp.migrate_poetry_to_uv.func.sh' -> '/home/jon/Work/poetry_migration/.temp.migrate_poetry_to_uv.func.sh'
renamed '.temp.migrate_poetry_to_uv.shellroast_after.sh' -> '/home/jon/Work/poetry_migration/.temp.migrate_poetry_to_uv.shellroast_after.sh'
  (no .log files found)
✓ Documentation files moved

Step 5: Creating README.md...
✓ README.md created

Step 6: Creating initial commit...
[main (root-commit) 76aefa6] Initial commit: Consolidate Poetry→UV migration documentation
 27 files changed, 5375 insertions(+)
 create mode 100644 .gitignore
 create mode 100644 .temp.migrate_poetry_to_uv.apitesting.sh
 create mode 100644 .temp.migrate_poetry_to_uv.clean_code_after.1.sh
 create mode 100644 .temp.migrate_poetry_to_uv.clean_code_after.2.sh
 create mode 100644 .temp.migrate_poetry_to_uv.clean_code_after.3.sh
 create mode 100644 .temp.migrate_poetry_to_uv.clean_code_after.4.sh
 create mode 100644 .temp.migrate_poetry_to_uv.clean_code_after.sh
 create mode 100644 .temp.migrate_poetry_to_uv.clean_code_before.sh
 create mode 100644 .temp.migrate_poetry_to_uv.doc.sh
 create mode 100644 .temp.migrate_poetry_to_uv.func.1.sh
 create mode 100644 .temp.migrate_poetry_to_uv.func.2.sh
 create mode 100644 .temp.migrate_poetry_to_uv.func.sh
 create mode 100644 .temp.migrate_poetry_to_uv.func_design.1.sh
 create mode 100644 .temp.migrate_poetry_to_uv.func_design.2.sh
 create mode 100644 .temp.migrate_poetry_to_uv.func_design.sh
 create mode 100644 .temp.migrate_poetry_to_uv.funclass23.sh
 create mode 100644 .temp.migrate_poetry_to_uv.shellroast_after.sh
 create mode 100644 README.md
 create mode 100644 migratingPoetryReposToUV-reflactions-and-suggestions.md
 create mode 100644 migratingPoetryReposToUV.md
 create mode 100644 poetry_migration_runbook.md
 create mode 100644 poetry_projects.txt
 create mode 100644 poetry_projects_2025-10-30.txt
 create mode 100644 poetry_to_uv_manifest.yaml
 create mode 100644 poetry_to_uv_migration.txt
 create mode 100644 poetry_to_uv_migration_guide.md
 create mode 100644 uv_lock_projects.txt
✓ Initial commit created

=== Migration Complete ===
Repository location: /home/jon/Work/poetry_migration
Git status:
76aefa6 Initial commit: Consolidate Poetry→UV migration documentation

Files in repo:
migratingPoetryReposToUV.md
migratingPoetryReposToUV-reflactions-and-suggestions.md
poetry_migration_runbook.md
poetry_projects_2025-10-30.txt
poetry_projects.txt
poetry_to_uv_manifest.yaml
poetry_to_uv_migration_guide.md
poetry_to_uv_migration.txt
README.md
uv_lock_projects.txt

Next steps:
1. Review the migrated files
2. Update any scripts that reference old doc paths
