[apitesting] mypy failed
[apitesting] pytest failed
[classguide] uv sync --group dev failed
[classguide] ruff check failed
[classguide] pytest failed
[doc] ruff check failed
[doc] mypy failed
[doc] pytest failed
[funclass23] migration started: 2025-10-30T14:24:14+11:00
[funclass23] mypy failed
[funclass23] pytest failed
[funclass23] migration complete: 2025-10-30T14:24:16+11:00
[funclass23] mypy success after code fixes: 2025-10-30T14:27:41+11:00
[funclass23] pytest success after smoke test: 2025-10-30T14:27:45+11:00
[shellroast_after] migration started: 2025-10-30T14:40:51+11:00
[shellroast_after] mypy failed
[shellroast_after] pytest failed
[shellroast_after] migration complete: 2025-10-30T14:40:55+11:00
[shellroast_after] mypy success after algorithm typing fixes: 2025-10-30T14:44:51+11:00
[shellroast_after] pytest smoke test passed: 2025-10-30T14:44:56+11:00
[clean_code_before] migration started: 2025-10-30T15:20:16+11:00
[clean_code_before] migration started: 2025-10-30T15:21:27+11:00
[clean_code_before] mypy failed
[clean_code_before] pytest failed
[clean_code_before] migration complete: 2025-10-30T15:21:28+11:00
[clean_code_before] migration started: 2025-10-30T15:22:11+11:00
[clean_code_before] mypy failed
[clean_code_before] pytest failed
[clean_code_before] migration complete: 2025-10-30T15:22:13+11:00
[clean_code_before] migration started: 2025-10-30T15:22:47+11:00
[clean_code_before] mypy failed
[clean_code_before] pytest failed
[clean_code_before] migration complete: 2025-10-30T15:22:49+11:00
[clean_code_before] migration started: 2025-10-30T15:23:31+11:00
[clean_code_before] mypy failed
[clean_code_before] pytest failed
[clean_code_before] migration complete: 2025-10-30T15:23:33+11:00
[clean_code_before] migration started: 2025-10-30T15:25:48+11:00
[clean_code_before] mypy failed
[clean_code_before] pytest failed
[clean_code_before] migration complete: 2025-10-30T15:25:49+11:00
[clean_code_before] migration started: 2025-10-30T15:26:35+11:00
[clean_code_before] mypy failed
[clean_code_before] pytest failed
[clean_code_before] migration complete: 2025-10-30T15:26:37+11:00
[clean_code_before] migration started: 2025-10-30T15:27:43+11:00
[clean_code_before] pytest failed
[clean_code_before] migration complete: 2025-10-30T15:27:44+11:00
[clean_code_before] migration started: 2025-10-30T15:28:24+11:00
[clean_code_before] pytest failed
[clean_code_before] migration complete: 2025-10-30T15:28:25+11:00
[clean_code_before] migration started: 2025-10-30T15:29:42+11:00
[clean_code_before] pytest failed
[clean_code_before] migration complete: 2025-10-30T15:29:44+11:00
[clean_code_before] migration started: 2025-10-30T15:30:16+11:00
[clean_code_before] pytest failed
[clean_code_before] migration complete: 2025-10-30T15:30:18+11:00
[clean_code_before] migration started: 2025-10-30T15:31:31+11:00
[clean_code_before] ruff check failed
[clean_code_before] mypy failed
[clean_code_before] pytest failed
[clean_code_before] migration complete: 2025-10-30T15:31:31+11:00
[clean_code_before] migration started: 2025-10-30T15:31:54+11:00
[clean_code_before] migration started: 2025-10-30T15:32:46+11:00
[clean_code_before] pytest failed
[clean_code_before] migration complete: 2025-10-30T15:32:50+11:00
[clean_code_before] migration started: 2025-10-30T15:33:23+11:00
[clean_code_before] migration complete: 2025-10-30T15:33:27+11:00
[clean_code_before] mypy success: 2025-10-30T15:33:37+11:00
[clean_code_before] pytest success: 2025-10-30T15:33:50+11:00
[clean_code_after] migration started: 2025-10-30T16:06:13+11:00
[clean_code_after] second pass: 2025-10-30T16:07:58+11:00
[clean_code_after] mypy failed
[clean_code_after] pytest failed
[clean_code_after] second pass complete: 2025-10-30T16:08:06+11:00
[clean_code_after] validation pass: 2025-10-30T16:08:52+11:00
[clean_code_after] validation pass: 2025-10-30T16:09:04+11:00
[clean_code_after] validation pass: 2025-10-30T16:09:22+11:00
[clean_code_after] validation pass complete: 2025-10-30T16:09:26+11:00
[func_design] migration started: 2025-10-30T16:26:43+11:00
[func_design] ruff check failed
[func_design] mypy failed
[func_design] pytest failed
[func_design] migration complete: 2025-10-30T16:26:45+11:00
[func_design] validation pass: 2025-10-30T16:29:13+11:00
[func_design] validation pass: 2025-10-30T16:29:38+11:00
[func_design] validation pass: 2025-10-30T16:29:57+11:00
[func_design] validation pass: 2025-10-30T16:30:15+11:00
[func_design] validation pass: 2025-10-30T16:30:41+11:00
[func_design] validation complete: 2025-10-30T16:30:42+11:00
[func] validation pass: 2025-10-30T18:26:01+11:00
[func] validation complete: 2025-10-30T18:26:04+11:00
