mypy failed
============================= test session starts ==============================
platform linux -- Python 3.13.9, pytest-8.4.2, pluggy-1.6.0
rootdir: /home/jon/Work/web
configfile: pyproject.toml
collected 0 items / 6 errors

==================================== ERRORS ====================================
__________________ ERROR collecting old/tests/test_browse.py ___________________
ImportError while importing test module '/home/jon/Work/web/old/tests/test_browse.py'.
Hint: make sure your test modules/packages have valid Python names.
Traceback:
old/tests/test_browse.py:8: in <module>
    from web import browse
E   ModuleNotFoundError: No module named 'web'
____________________ ERROR collecting old/tests/test_cli.py ____________________
ImportError while importing test module '/home/jon/Work/web/old/tests/test_cli.py'.
Hint: make sure your test modules/packages have valid Python names.
Traceback:
old/tests/test_cli.py:5: in <module>
    from web import cli
E   ModuleNotFoundError: No module named 'web'
__________________ ERROR collecting old/tests/test_search.py ___________________
ImportError while importing test module '/home/jon/Work/web/old/tests/test_search.py'.
Hint: make sure your test modules/packages have valid Python names.
Traceback:
old/tests/test_search.py:9: in <module>
    from web import search
E   ModuleNotFoundError: No module named 'web'
____________________ ERROR collecting tests/test_browse.py _____________________
ImportError while importing test module '/home/jon/Work/web/tests/test_browse.py'.
Hint: make sure your test modules/packages have valid Python names.
Traceback:
tests/test_browse.py:8: in <module>
    from web import browse
E   ModuleNotFoundError: No module named 'web'
______________________ ERROR collecting tests/test_cli.py ______________________
ImportError while importing test module '/home/jon/Work/web/tests/test_cli.py'.
Hint: make sure your test modules/packages have valid Python names.
Traceback:
tests/test_cli.py:5: in <module>
    from web import cli
E   ModuleNotFoundError: No module named 'web'
____________________ ERROR collecting tests/test_search.py _____________________
ImportError while importing test module '/home/jon/Work/web/tests/test_search.py'.
Hint: make sure your test modules/packages have valid Python names.
Traceback:
tests/test_search.py:13: in <module>
    from web import search
E   ModuleNotFoundError: No module named 'web'
=========================== short test summary info ============================
ERROR old/tests/test_browse.py
ERROR old/tests/test_cli.py
ERROR old/tests/test_search.py
ERROR tests/test_browse.py
ERROR tests/test_cli.py
ERROR tests/test_search.py
!!!!!!!!!!!!!!!!!!! Interrupted: 6 errors during collection !!!!!!!!!!!!!!!!!!!!
============================== 6 errors in 0.14s ===============================
pytest failed


=== ./wordcount ===
Using CPython 3.13.9
Creating virtual environment at: .venv
Resolved 2 packages in 0.76ms
Prepared 1 package in 0.41ms
Installed 1 package in 2ms
 + pyperclip==1.11.0
uv sync ok
All checks passed!
ruff ok
Success: no issues found in 4 source files
mypy ok
============================= test session starts ==============================
platform linux -- Python 3.13.9, pytest-8.4.2, pluggy-1.6.0
rootdir: /home/jon/Work/wordcount
configfile: pyproject.toml
collected 9 items / 1 error

==================================== ERRORS ====================================
_________________ ERROR collecting tests/test_tools_search.py __________________
tests/test_tools_search.py:11: in <module>
    SPEC.loader.exec_module(search)
<frozen importlib._bootstrap_external>:1023: in exec_module
    ???
<frozen importlib._bootstrap_external>:1160: in get_code
    ???
<frozen importlib._bootstrap_external>:1218: in get_data
    ???
E   FileNotFoundError: [Errno 2] No such file or directory: '/home/jon/Work/wordcount/tools/search.py'
=========================== short test summary info ============================
ERROR tests/test_tools_search.py - FileNotFoundError: [Errno 2] No such file ...
!!!!!!!!!!!!!!!!!!!! Interrupted: 1 error during collection !!!!!!!!!!!!!!!!!!!!
=============================== 1 error in 0.24s ===============================
pytest failed

